<?xml version="1.0" encoding="UTF-8"?>
<!-- Generated by org.testng.reporters.JUnitReportReporter -->
<testsuite hostname="DESKTOP-IK4411D" failures="0" tests="3" name="org.test.Just" time="9.270" errors="0" timestamp="2022-12-28T13:11:25 IST" skipped="0">
  <testcase classname="org.test.Just" name="openAmazon" time="6.189"/>
  <system-out/>
  <testcase classname="org.test.Just" name="openGoogle" time="1.135"/>
  <system-out/>
  <testcase classname="org.test.Just" name="openFacebook" time="1.946"/>
  <system-out/>
</testsuite> <!-- org.test.Just -->
